#
# There is insufficient memory for the Java Runtime Environment to continue.
# Native memory allocation (mmap) failed to map 70778880 bytes for committing reserved memory.
# Possible reasons:
#   The system is out of physical RAM or swap space
#   The process is running with CompressedOops enabled, and the Java Heap may be blocking the growth of the native heap
# Possible solutions:
#   Reduce memory load on the system
#   Increase physical memory or swap space
#   Check if swap backing store is full
#   Decrease Java heap size (-Xmx/-Xms)
#   Decrease number of Java threads
#   Decrease Java thread stack sizes (-Xss)
#   Set larger code cache with -XX:ReservedCodeCacheSize=
#   JVM is running with Unscaled Compressed Oops mode in which the Java heap is
#     placed in the first 4GB address space. The Java Heap base address is the
#     maximum limit for the native heap growth. Please use -XX:HeapBaseMinAddress
#     to set the Java Heap base and to place the Java Heap above 4GB virtual address.
# This output file may be truncated or incomplete.
#
#  Out of Memory Error (os_linux.cpp:2749), pid=6873, tid=0x00007ff4257a5700
#
# JRE version: Java(TM) SE Runtime Environment (8.0_201-b09) (build 1.8.0_201-b09)
# Java VM: Java HotSpot(TM) 64-Bit Server VM (25.201-b09 mixed mode linux-amd64 compressed oops)
# Failed to write core dump. Core dumps have been disabled. To enable core dumping, try "ulimit -c unlimited" before starting Java again
#

---------------  T H R E A D  ---------------

Current thread (0x00007ff438079800):  VMThread [stack: 0x00007ff4256a6000,0x00007ff4257a6000] [id=6880]

Stack: [0x00007ff4256a6000,0x00007ff4257a6000],  sp=0x00007ff4257a43d0,  free space=1016k
Native frames: (J=compiled Java code, j=interpreted, Vv=VM code, C=native code)
V  [libjvm.so+0xad3525]  VMError::report_and_die()+0x2e5
V  [libjvm.so+0x4e0457]  report_vm_out_of_memory(char const*, int, unsigned long, VMErrorType, char const*)+0x67
V  [libjvm.so+0x9102f0]  os::pd_commit_memory(char*, unsigned long, unsigned long, bool)+0x100
V  [libjvm.so+0x90791f]  os::commit_memory(char*, unsigned long, unsigned long, bool)+0x1f
V  [libjvm.so+0x98c806]  PSVirtualSpace::expand_by(unsigned long)+0x56
V  [libjvm.so+0x97badb]  PSOldGen::expand_by(unsigned long) [clone .part.28]+0x1b
V  [libjvm.so+0x97bc98]  PSOldGen::expand(unsigned long) [clone .part.29]+0xa8
V  [libjvm.so+0x97c841]  PSOldGen::resize(unsigned long)+0xe1
V  [libjvm.so+0x98297c]  PSParallelCompact::invoke_no_policy(bool) [clone .part.118]+0xa2c
V  [libjvm.so+0x98a795]  PSScavenge::invoke()+0x215
V  [libjvm.so+0x93a318]  ParallelScavengeHeap::failed_mem_allocate(unsigned long)+0x68
V  [libjvm.so+0xad5073]  VM_ParallelGCFailedAllocation::doit()+0x93
V  [libjvm.so+0xada296]  VM_Operation::evaluate()+0x46
V  [libjvm.so+0xad85cd]  VMThread::evaluate_operation(VM_Operation*) [clone .constprop.44]+0xcd
V  [libjvm.so+0xad8bb3]  VMThread::loop()+0x3a3
V  [libjvm.so+0xad8f88]  VMThread::run()+0x78
V  [libjvm.so+0x90d922]  java_start(Thread*)+0x102

VM_Operation (0x00007ff43fde3830): ParallelGCFailedAllocation, mode: safepoint, requested by thread 0x00007ff43800b800


---------------  P R O C E S S  ---------------

Java Threads: ( => current thread )
  0x00007ff438112800 JavaThread "ReaderThread" [_thread_in_native, id=6894, stack(0x00007ff424184000,0x00007ff424285000)]
  0x00007ff4380ca800 JavaThread "Service Thread" daemon [_thread_blocked, id=6891, stack(0x00007ff4245cf000,0x00007ff4246d0000)]
  0x00007ff4380bf800 JavaThread "C1 CompilerThread2" daemon [_thread_blocked, id=6886, stack(0x00007ff4246d1000,0x00007ff4247d1000)]
  0x00007ff4380bd800 JavaThread "C2 CompilerThread1" daemon [_thread_blocked, id=6885, stack(0x00007ff4247d2000,0x00007ff4248d2000)]
  0x00007ff4380ba800 JavaThread "C2 CompilerThread0" daemon [_thread_blocked, id=6884, stack(0x00007ff4248d3000,0x00007ff4249d3000)]
  0x00007ff4380b9000 JavaThread "Signal Dispatcher" daemon [_thread_blocked, id=6883, stack(0x00007ff4249d3000,0x00007ff424ad4000)]
  0x00007ff438086000 JavaThread "Finalizer" daemon [_thread_blocked, id=6882, stack(0x00007ff4254a3000,0x00007ff4255a4000)]
  0x00007ff438083800 JavaThread "Reference Handler" daemon [_thread_blocked, id=6881, stack(0x00007ff4255a4000,0x00007ff4256a5000)]
  0x00007ff43800b800 JavaThread "main" [_thread_blocked, id=6875, stack(0x00007ff43fce6000,0x00007ff43fde6000)]

Other Threads:
=>0x00007ff438079800 VMThread [stack: 0x00007ff4256a6000,0x00007ff4257a6000] [id=6880]
  0x00007ff4380cd000 WatcherThread [stack: 0x00007ff4244cf000,0x00007ff4245cf000] [id=6892]

VM state:at safepoint (normal execution)

VM Mutex/Monitor currently owned by a thread:  ([mutex/lock_event])
[0x00007ff4380078f0] ExpandHeap_lock - owner thread: 0x00007ff438079800
[0x00007ff438007f70] Threads_lock - owner thread: 0x00007ff438079800
[0x00007ff438008470] Heap_lock - owner thread: 0x00007ff43800b800

heap address: 0x00000000c2400000, size: 988 MB, Compressed Oops mode: 32-bit
Narrow klass base: 0x0000000000000000, Narrow klass shift: 3
Compressed class space size: 1073741824 Address: 0x0000000100000000

Heap:
 PSYoungGen      total 301568K, used 13887K [0x00000000eb700000, 0x0000000100000000, 0x0000000100000000)
  eden space 277504K, 0% used [0x00000000eb700000,0x00000000eb700000,0x00000000fc600000)
  from space 24064K, 57% used [0x00000000fe880000,0x00000000ff60fec8,0x0000000100000000)
  to   space 29696K, 0% used [0x00000000fc600000,0x00000000fc600000,0x00000000fe300000)
 ParOldGen       total 123904K, used 123850K [0x00000000c2400000, 0x00000000c9d00000, 0x00000000eb700000)
  object space 123904K, 99% used [0x00000000c2400000,0x00000000c9cf28d8,0x00000000c9d00000)
 Metaspace       used 6864K, capacity 6954K, committed 7296K, reserved 1056768K
  class space    used 758K, capacity 785K, committed 896K, reserved 1048576K

Card table byte_map: [0x00007ff43c7d3000,0x00007ff43c9c2000] byte_map_base: 0x00007ff43c1c1000

Marking Bits: (ParMarkBitMap*) 0x00007ff43f18fd80
 Begin Bits: [0x00007ff427120000, 0x00007ff428090000)
 End Bits:   [0x00007ff428090000, 0x00007ff429000000)

Polling page: 0x00007ff43fdff000

CodeCache: size=245760Kb used=3774Kb max_used=3787Kb free=241985Kb
 bounds [0x00007ff429000000, 0x00007ff4293c0000, 0x00007ff438000000]
 total_blobs=1164 nmethods=850 adapters=228
 compilation: enabled

Compilation events (10 events):
Event: 4.205 Thread 0x00007ff4380ba800  848       4       sun.nio.cs.UTF_8$Decoder::<init> (6 bytes)
Event: 4.207 Thread 0x00007ff4380ba800 nmethod 848 0x00007ff4293a2ad0 code [0x00007ff4293a2c20, 0x00007ff4293a2df8]
Event: 4.251 Thread 0x00007ff4380bd800  849       4       java.lang.ref.Finalizer::access$100 (6 bytes)
Event: 4.253 Thread 0x00007ff4380ba800  850   !   4       java.lang.ref.Finalizer::runFinalizer (62 bytes)
Event: 4.273 Thread 0x00007ff4380ba800 nmethod 850 0x00007ff4293a3190 code [0x00007ff4293a3360, 0x00007ff4293a4098]
Event: 4.273 Thread 0x00007ff4380ba800  851   !   4       java.lang.ref.Finalizer::remove (94 bytes)
Event: 4.275 Thread 0x00007ff4380ba800 nmethod 851 0x00007ff4293b2bd0 code [0x00007ff4293b2d40, 0x00007ff4293b3018]
Event: 4.279 Thread 0x00007ff4380bd800 nmethod 849 0x00007ff4293b3350 code [0x00007ff4293b3520, 0x00007ff4293b4238]
Event: 4.422 Thread 0x00007ff4380ba800  852       4       org.apache.commons.csv.ExtendedBufferedReader::lookAhead (16 bytes)
Event: 4.427 Thread 0x00007ff4380ba800 nmethod 852 0x00007ff4293b6f50 code [0x00007ff4293b70c0, 0x00007ff4293b7a08]

GC Heap History (10 events):
Event: 4.101 GC heap after
Heap after GC invocations=18 (full 2):
 PSYoungGen      total 310784K, used 18916K [0x00000000eb700000, 0x0000000100000000, 0x0000000100000000)
  eden space 291840K, 0% used [0x00000000eb700000,0x00000000eb700000,0x00000000fd400000)
  from space 18944K, 99% used [0x00000000fec80000,0x00000000ffef9278,0x00000000fff00000)
  to   space 22528K, 0% used [0x00000000fd400000,0x00000000fd400000,0x00000000fea00000)
 ParOldGen       total 123904K, used 78492K [0x00000000c2400000, 0x00000000c9d00000, 0x00000000eb700000)
  object space 123904K, 63% used [0x00000000c2400000,0x00000000c70a71a0,0x00000000c9d00000)
 Metaspace       used 6863K, capacity 6954K, committed 7296K, reserved 1056768K
  class space    used 758K, capacity 785K, committed 896K, reserved 1048576K
}
Event: 4.211 GC heap before
{Heap before GC invocations=19 (full 2):
 PSYoungGen      total 310784K, used 310756K [0x00000000eb700000, 0x0000000100000000, 0x0000000100000000)
  eden space 291840K, 100% used [0x00000000eb700000,0x00000000fd400000,0x00000000fd400000)
  from space 18944K, 99% used [0x00000000fec80000,0x00000000ffef9278,0x00000000fff00000)
  to   space 22528K, 0% used [0x00000000fd400000,0x00000000fd400000,0x00000000fea00000)
 ParOldGen       total 123904K, used 78492K [0x00000000c2400000, 0x00000000c9d00000, 0x00000000eb700000)
  object space 123904K, 63% used [0x00000000c2400000,0x00000000c70a71a0,0x00000000c9d00000)
 Metaspace       used 6864K, capacity 6954K, committed 7296K, reserved 1056768K
  class space    used 758K, capacity 785K, committed 896K, reserved 1048576K
Event: 4.250 GC heap after
Heap after GC invocations=19 (full 2):
 PSYoungGen      total 314368K, used 10624K [0x00000000eb700000, 0x0000000100000000, 0x0000000100000000)
  eden space 291840K, 0% used [0x00000000eb700000,0x00000000eb700000,0x00000000fd400000)
  from space 22528K, 47% used [0x00000000fd400000,0x00000000fde60000,0x00000000fea00000)
  to   space 21504K, 0% used [0x00000000feb00000,0x00000000feb00000,0x0000000100000000)
 ParOldGen       total 123904K, used 97505K [0x00000000c2400000, 0x00000000c9d00000, 0x00000000eb700000)
  object space 123904K, 78% used [0x00000000c2400000,0x00000000c8338418,0x00000000c9d00000)
 Metaspace       used 6864K, capacity 6954K, committed 7296K, reserved 1056768K
  class space    used 758K, capacity 785K, committed 896K, reserved 1048576K
}
Event: 4.445 GC heap before
{Heap before GC invocations=20 (full 2):
 PSYoungGen      total 314368K, used 302464K [0x00000000eb700000, 0x0000000100000000, 0x0000000100000000)
  eden space 291840K, 100% used [0x00000000eb700000,0x00000000fd400000,0x00000000fd400000)
  from space 22528K, 47% used [0x00000000fd400000,0x00000000fde60000,0x00000000fea00000)
  to   space 21504K, 0% used [0x00000000feb00000,0x00000000feb00000,0x0000000100000000)
 ParOldGen       total 123904K, used 97505K [0x00000000c2400000, 0x00000000c9d00000, 0x00000000eb700000)
  object space 123904K, 78% used [0x00000000c2400000,0x00000000c8338418,0x00000000c9d00000)
 Metaspace       used 6864K, capacity 6954K, committed 7296K, reserved 1056768K
  class space    used 758K, capacity 785K, committed 896K, reserved 1048576K
Event: 4.466 GC heap after
Heap after GC invocations=20 (full 2):
 PSYoungGen      total 310272K, used 20832K [0x00000000eb700000, 0x0000000100000000, 0x0000000100000000)
  eden space 288768K, 0% used [0x00000000eb700000,0x00000000eb700000,0x00000000fd100000)
  from space 21504K, 96% used [0x00000000feb00000,0x00000000fff58000,0x0000000100000000)
  to   space 24064K, 0% used [0x00000000fd100000,0x00000000fd100000,0x00000000fe880000)
 ParOldGen       total 123904K, used 97505K [0x00000000c2400000, 0x00000000c9d00000, 0x00000000eb700000)
  object space 123904K, 78% used [0x00000000c2400000,0x00000000c8338418,0x00000000c9d00000)
 Metaspace       used 6864K, capacity 6954K, committed 7296K, reserved 1056768K
  class space    used 758K, capacity 785K, committed 896K, reserved 1048576K
}
Event: 4.588 GC heap before
{Heap before GC invocations=21 (full 2):
 PSYoungGen      total 310272K, used 309600K [0x00000000eb700000, 0x0000000100000000, 0x0000000100000000)
  eden space 288768K, 100% used [0x00000000eb700000,0x00000000fd100000,0x00000000fd100000)
  from space 21504K, 96% used [0x00000000feb00000,0x00000000fff58000,0x0000000100000000)
  to   space 24064K, 0% used [0x00000000fd100000,0x00000000fd100000,0x00000000fe880000)
 ParOldGen       total 123904K, used 97505K [0x00000000c2400000, 0x00000000c9d00000, 0x00000000eb700000)
  object space 123904K, 78% used [0x00000000c2400000,0x00000000c8338418,0x00000000c9d00000)
 Metaspace       used 6864K, capacity 6954K, committed 7296K, reserved 1056768K
  class space    used 758K, capacity 785K, committed 896K, reserved 1048576K
Event: 4.635 GC heap after
Heap after GC invocations=21 (full 2):
 PSYoungGen      total 312832K, used 24064K [0x00000000eb700000, 0x0000000100000000, 0x0000000100000000)
  eden space 288768K, 0% used [0x00000000eb700000,0x00000000eb700000,0x00000000fd100000)
  from space 24064K, 100% used [0x00000000fd100000,0x00000000fe880000,0x00000000fe880000)
  to   space 24064K, 0% used [0x00000000fe880000,0x00000000fe880000,0x0000000100000000)
 ParOldGen       total 123904K, used 104353K [0x00000000c2400000, 0x00000000c9d00000, 0x00000000eb700000)
  object space 123904K, 84% used [0x00000000c2400000,0x00000000c89e8418,0x00000000c9d00000)
 Metaspace       used 6864K, capacity 6954K, committed 7296K, reserved 1056768K
  class space    used 758K, capacity 785K, committed 896K, reserved 1048576K
}
Event: 4.748 GC heap before
{Heap before GC invocations=22 (full 2):
 PSYoungGen      total 312832K, used 312832K [0x00000000eb700000, 0x0000000100000000, 0x0000000100000000)
  eden space 288768K, 100% used [0x00000000eb700000,0x00000000fd100000,0x00000000fd100000)
  from space 24064K, 100% used [0x00000000fd100000,0x00000000fe880000,0x00000000fe880000)
  to   space 24064K, 0% used [0x00000000fe880000,0x00000000fe880000,0x0000000100000000)
 ParOldGen       total 123904K, used 104353K [0x00000000c2400000, 0x00000000c9d00000, 0x00000000eb700000)
  object space 123904K, 84% used [0x00000000c2400000,0x00000000c89e8418,0x00000000c9d00000)
 Metaspace       used 6864K, capacity 6954K, committed 7296K, reserved 1056768K
  class space    used 758K, capacity 785K, committed 896K, reserved 1048576K
Event: 4.798 GC heap after
Heap after GC invocations=22 (full 2):
 PSYoungGen      total 301568K, used 16534K [0x00000000eb700000, 0x0000000100000000, 0x0000000100000000)
  eden space 277504K, 0% used [0x00000000eb700000,0x00000000eb700000,0x00000000fc600000)
  from space 24064K, 68% used [0x00000000fe880000,0x00000000ff8a5ba8,0x0000000100000000)
  to   space 29696K, 0% used [0x00000000fc600000,0x00000000fc600000,0x00000000fe300000)
 ParOldGen       total 123904K, used 122577K [0x00000000c2400000, 0x00000000c9d00000, 0x00000000eb700000)
  object space 123904K, 98% used [0x00000000c2400000,0x00000000c9bb4418,0x00000000c9d00000)
 Metaspace       used 6864K, capacity 6954K, committed 7296K, reserved 1056768K
  class space    used 758K, capacity 785K, committed 896K, reserved 1048576K
}
Event: 4.798 GC heap before
{Heap before GC invocations=23 (full 3):
 PSYoungGen      total 301568K, used 16534K [0x00000000eb700000, 0x0000000100000000, 0x0000000100000000)
  eden space 277504K, 0% used [0x00000000eb700000,0x00000000eb700000,0x00000000fc600000)
  from space 24064K, 68% used [0x00000000fe880000,0x00000000ff8a5ba8,0x0000000100000000)
  to   space 29696K, 0% used [0x00000000fc600000,0x00000000fc600000,0x00000000fe300000)
 ParOldGen       total 123904K, used 122577K [0x00000000c2400000, 0x00000000c9d00000, 0x00000000eb700000)
  object space 123904K, 98% used [0x00000000c2400000,0x00000000c9bb4418,0x00000000c9d00000)
 Metaspace       used 6864K, capacity 6954K, committed 7296K, reserved 1056768K
  class space    used 758K, capacity 785K, committed 896K, reserved 1048576K

Deoptimization events (5 events):
Event: 0.737 Thread 0x00007ff43800b800 Uncommon trap: reason=unstable_if action=reinterpret pc=0x00007ff42915548c method=java.lang.String.startsWith(Ljava/lang/String;I)Z @ 25
Event: 1.069 Thread 0x00007ff43800b800 Uncommon trap: reason=unstable_if action=reinterpret pc=0x00007ff42920649c method=java.io.BufferedReader.read()I @ 19
Event: 1.535 Thread 0x00007ff43800b800 Uncommon trap: reason=null_check action=make_not_entrant pc=0x00007ff4293007fc method=org.apache.commons.csv.CSVParser.addRecordValue(Z)V @ 68
Event: 2.546 Thread 0x00007ff43800b800 Uncommon trap: reason=unstable_if action=reinterpret pc=0x00007ff429266654 method=sun.nio.cs.UTF_8$Decoder.decodeArrayLoop(Ljava/nio/ByteBuffer;Ljava/nio/CharBuffer;)Ljava/nio/charset/CoderResult; @ 184
Event: 2.885 Thread 0x00007ff43800b800 Uncommon trap: reason=unstable_if action=reinterpret pc=0x00007ff429206bec method=java.io.BufferedReader.read()I @ 19

Classes redefined (0 events):
No events

Internal exceptions (7 events):
Event: 0.095 Thread 0x00007ff43800b800 Exception <a 'java/lang/NoSuchMethodError': Method sun.misc.Unsafe.defineClass(Ljava/lang/String;[BII)Ljava/lang/Class; name or signature does not match> (0x00000000eb707cb0) thrown at [/HUDSON/workspace/8-2-build-linux-amd64/jdk8u201/12317/hotspot/src/sh
Event: 0.095 Thread 0x00007ff43800b800 Exception <a 'java/lang/NoSuchMethodError': Method sun.misc.Unsafe.prefetchRead(Ljava/lang/Object;J)V name or signature does not match> (0x00000000eb707f98) thrown at [/HUDSON/workspace/8-2-build-linux-amd64/jdk8u201/12317/hotspot/src/share/vm/prims/jni.c
Event: 0.925 Thread 0x00007ff43800b800 Exception <a 'java/security/PrivilegedActionException'> (0x00000000ebc83c28) thrown at [/HUDSON/workspace/8-2-build-linux-amd64/jdk8u201/12317/hotspot/src/share/vm/prims/jvm.cpp, line 1502]
Event: 0.925 Thread 0x00007ff43800b800 Exception <a 'java/security/PrivilegedActionException'> (0x00000000ebc84020) thrown at [/HUDSON/workspace/8-2-build-linux-amd64/jdk8u201/12317/hotspot/src/share/vm/prims/jvm.cpp, line 1502]
Event: 0.925 Thread 0x00007ff43800b800 Exception <a 'java/security/PrivilegedActionException'> (0x00000000ebc86858) thrown at [/HUDSON/workspace/8-2-build-linux-amd64/jdk8u201/12317/hotspot/src/share/vm/prims/jvm.cpp, line 1502]
Event: 0.925 Thread 0x00007ff43800b800 Exception <a 'java/security/PrivilegedActionException'> (0x00000000ebc86c50) thrown at [/HUDSON/workspace/8-2-build-linux-amd64/jdk8u201/12317/hotspot/src/share/vm/prims/jvm.cpp, line 1502]
Event: 1.535 Thread 0x00007ff43800b800 Implicit null exception at 0x00007ff42930035b to 0x00007ff4293007e9

Events (10 events):
Event: 4.641 Executing VM operation: RevokeBias done
Event: 4.641 Executing VM operation: RevokeBias
Event: 4.642 Executing VM operation: RevokeBias done
Event: 4.642 Executing VM operation: RevokeBias
Event: 4.642 Executing VM operation: RevokeBias done
Event: 4.642 Executing VM operation: RevokeBias
Event: 4.642 Executing VM operation: RevokeBias done
Event: 4.642 Executing VM operation: BulkRevokeBias
Event: 4.642 Executing VM operation: BulkRevokeBias done
Event: 4.748 Executing VM operation: ParallelGCFailedAllocation


Dynamic libraries:
00400000-00401000 r-xp 00000000 08:01 396020                             /usr/lib/jvm/java-8-oracle/bin/java
00600000-00601000 r--p 00000000 08:01 396020                             /usr/lib/jvm/java-8-oracle/bin/java
00601000-00602000 rw-p 00001000 08:01 396020                             /usr/lib/jvm/java-8-oracle/bin/java
01df1000-01e12000 rw-p 00000000 00:00 0                                  [heap]
c2400000-c9d00000 rw-p 00000000 00:00 0 
ce080000-eb700000 ---p 00000000 00:00 0 
eb700000-100000000 rw-p 00000000 00:00 0 
100000000-1000e0000 rw-p 00000000 00:00 0 
1000e0000-140000000 ---p 00000000 00:00 0 
7ff3e8000000-7ff3e8021000 rw-p 00000000 00:00 0 
7ff3e8021000-7ff3ec000000 ---p 00000000 00:00 0 
7ff3ec000000-7ff3ec021000 rw-p 00000000 00:00 0 
7ff3ec021000-7ff3f0000000 ---p 00000000 00:00 0 
7ff3f0000000-7ff3f0437000 rw-p 00000000 00:00 0 
7ff3f0437000-7ff3f4000000 ---p 00000000 00:00 0 
7ff3f4000000-7ff3f4021000 rw-p 00000000 00:00 0 
7ff3f4021000-7ff3f8000000 ---p 00000000 00:00 0 
7ff3f8000000-7ff3f83ff000 rw-p 00000000 00:00 0 
7ff3f83ff000-7ff3fc000000 ---p 00000000 00:00 0 
7ff3fc000000-7ff3fc4dc000 rw-p 00000000 00:00 0 
7ff3fc4dc000-7ff400000000 ---p 00000000 00:00 0 
7ff400000000-7ff400021000 rw-p 00000000 00:00 0 
7ff400021000-7ff404000000 ---p 00000000 00:00 0 
7ff404000000-7ff404021000 rw-p 00000000 00:00 0 
7ff404021000-7ff408000000 ---p 00000000 00:00 0 
7ff408000000-7ff40829d000 rw-p 00000000 00:00 0 
7ff40829d000-7ff40c000000 ---p 00000000 00:00 0 
7ff40c000000-7ff40c021000 rw-p 00000000 00:00 0 
7ff40c021000-7ff410000000 ---p 00000000 00:00 0 
7ff410000000-7ff410021000 rw-p 00000000 00:00 0 
7ff410021000-7ff414000000 ---p 00000000 00:00 0 
7ff414000000-7ff414021000 rw-p 00000000 00:00 0 
7ff414021000-7ff418000000 ---p 00000000 00:00 0 
7ff418000000-7ff418021000 rw-p 00000000 00:00 0 
7ff418021000-7ff41c000000 ---p 00000000 00:00 0 
7ff41fdee000-7ff41fdff000 r-xp 00000000 08:01 398333                     /usr/lib/jvm/java-8-oracle/jre/lib/amd64/libnio.so
7ff41fdff000-7ff41fffe000 ---p 00011000 08:01 398333                     /usr/lib/jvm/java-8-oracle/jre/lib/amd64/libnio.so
7ff41fffe000-7ff41ffff000 r--p 00010000 08:01 398333                     /usr/lib/jvm/java-8-oracle/jre/lib/amd64/libnio.so
7ff41ffff000-7ff420000000 rw-p 00011000 08:01 398333                     /usr/lib/jvm/java-8-oracle/jre/lib/amd64/libnio.so
7ff420000000-7ff420021000 rw-p 00000000 00:00 0 
7ff420021000-7ff424000000 ---p 00000000 00:00 0 
7ff424184000-7ff424187000 ---p 00000000 00:00 0 
7ff424187000-7ff4242b6000 rw-p 00000000 00:00 0 
7ff4242b6000-7ff4242cc000 r-xp 00000000 08:01 398329                     /usr/lib/jvm/java-8-oracle/jre/lib/amd64/libnet.so
7ff4242cc000-7ff4244cc000 ---p 00016000 08:01 398329                     /usr/lib/jvm/java-8-oracle/jre/lib/amd64/libnet.so
7ff4244cc000-7ff4244cd000 r--p 00016000 08:01 398329                     /usr/lib/jvm/java-8-oracle/jre/lib/amd64/libnet.so
7ff4244cd000-7ff4244ce000 rw-p 00017000 08:01 398329                     /usr/lib/jvm/java-8-oracle/jre/lib/amd64/libnet.so
7ff4244ce000-7ff4244cf000 ---p 00000000 00:00 0 
7ff4244cf000-7ff4245cf000 rw-p 00000000 00:00 0 
7ff4245cf000-7ff4245d2000 ---p 00000000 00:00 0 
7ff4245d2000-7ff4246d0000 rw-p 00000000 00:00 0 
7ff4246d0000-7ff4246d1000 ---p 00000000 00:00 0 
7ff4246d1000-7ff4246d4000 ---p 00000000 00:00 0 
7ff4246d4000-7ff4247d1000 rw-p 00000000 00:00 0 
7ff4247d1000-7ff4247d2000 ---p 00000000 00:00 0 
7ff4247d2000-7ff4247d5000 ---p 00000000 00:00 0 
7ff4247d5000-7ff4248d2000 rw-p 00000000 00:00 0 
7ff4248d2000-7ff4248d3000 ---p 00000000 00:00 0 
7ff4248d3000-7ff4248d6000 ---p 00000000 00:00 0 
7ff4248d6000-7ff4249d3000 rw-p 00000000 00:00 0 
7ff4249d3000-7ff4249d6000 ---p 00000000 00:00 0 
7ff4249d6000-7ff424ad4000 rw-p 00000000 00:00 0 
7ff424ad4000-7ff4254a3000 r--p 00000000 08:01 660250                     /usr/lib/locale/locale-archive
7ff4254a3000-7ff4254a6000 ---p 00000000 00:00 0 
7ff4254a6000-7ff4255a4000 rw-p 00000000 00:00 0 
7ff4255a4000-7ff4255a7000 ---p 00000000 00:00 0 
7ff4255a7000-7ff4256a5000 rw-p 00000000 00:00 0 
7ff4256a5000-7ff4256a6000 ---p 00000000 00:00 0 
7ff4256a6000-7ff426746000 rw-p 00000000 00:00 0 
7ff426746000-7ff426920000 r--s 03d6f000 08:01 398151                     /usr/lib/jvm/java-8-oracle/jre/lib/rt.jar
7ff426920000-7ff426f60000 rw-p 00000000 00:00 0 
7ff426f60000-7ff427120000 ---p 00000000 00:00 0 
7ff427120000-7ff429000000 rw-p 00000000 00:00 0 
7ff429000000-7ff4293c0000 rwxp 00000000 00:00 0 
7ff4293c0000-7ff438000000 ---p 00000000 00:00 0 
7ff438000000-7ff4383c8000 rw-p 00000000 00:00 0 
7ff4383c8000-7ff43c000000 ---p 00000000 00:00 0 
7ff43c000000-7ff43c285000 rw-p 00000000 00:00 0 
7ff43c285000-7ff43c286000 ---p 00000000 00:00 0 
7ff43c286000-7ff43c386000 rw-p 00000000 00:00 0 
7ff43c386000-7ff43c387000 ---p 00000000 00:00 0 
7ff43c387000-7ff43c487000 rw-p 00000000 00:00 0 
7ff43c487000-7ff43c488000 ---p 00000000 00:00 0 
7ff43c488000-7ff43c588000 rw-p 00000000 00:00 0 
7ff43c588000-7ff43c589000 ---p 00000000 00:00 0 
7ff43c589000-7ff43c6c6000 rw-p 00000000 00:00 0 
7ff43c6c6000-7ff43c7d3000 ---p 00000000 00:00 0 
7ff43c7d3000-7ff43c810000 rw-p 00000000 00:00 0 
7ff43c810000-7ff43c91c000 ---p 00000000 00:00 0 
7ff43c91c000-7ff43c9c1000 rw-p 00000000 00:00 0 
7ff43c9c1000-7ff43c9d1000 rw-p 00000000 00:00 0 
7ff43c9d1000-7ff43cd82000 ---p 00000000 00:00 0 
7ff43cd82000-7ff43cd9d000 r-xp 00000000 08:01 398325                     /usr/lib/jvm/java-8-oracle/jre/lib/amd64/libzip.so
7ff43cd9d000-7ff43cf9c000 ---p 0001b000 08:01 398325                     /usr/lib/jvm/java-8-oracle/jre/lib/amd64/libzip.so
7ff43cf9c000-7ff43cf9d000 r--p 0001a000 08:01 398325                     /usr/lib/jvm/java-8-oracle/jre/lib/amd64/libzip.so
7ff43cf9d000-7ff43cf9e000 rw-p 0001b000 08:01 398325                     /usr/lib/jvm/java-8-oracle/jre/lib/amd64/libzip.so
7ff43cf9e000-7ff43cfa9000 r-xp 00000000 08:01 399936                     /lib/x86_64-linux-gnu/libnss_files-2.27.so
7ff43cfa9000-7ff43d1a8000 ---p 0000b000 08:01 399936                     /lib/x86_64-linux-gnu/libnss_files-2.27.so
7ff43d1a8000-7ff43d1a9000 r--p 0000a000 08:01 399936                     /lib/x86_64-linux-gnu/libnss_files-2.27.so
7ff43d1a9000-7ff43d1aa000 rw-p 0000b000 08:01 399936                     /lib/x86_64-linux-gnu/libnss_files-2.27.so
7ff43d1aa000-7ff43d1b0000 rw-p 00000000 00:00 0 
7ff43d1b0000-7ff43d1c7000 r-xp 00000000 08:01 399930                     /lib/x86_64-linux-gnu/libnsl-2.27.so
7ff43d1c7000-7ff43d3c6000 ---p 00017000 08:01 399930                     /lib/x86_64-linux-gnu/libnsl-2.27.so
7ff43d3c6000-7ff43d3c7000 r--p 00016000 08:01 399930                     /lib/x86_64-linux-gnu/libnsl-2.27.so
7ff43d3c7000-7ff43d3c8000 rw-p 00017000 08:01 399930                     /lib/x86_64-linux-gnu/libnsl-2.27.so
7ff43d3c8000-7ff43d3ca000 rw-p 00000000 00:00 0 
7ff43d3ca000-7ff43d3d5000 r-xp 00000000 08:01 399947                     /lib/x86_64-linux-gnu/libnss_nis-2.27.so
7ff43d3d5000-7ff43d5d4000 ---p 0000b000 08:01 399947                     /lib/x86_64-linux-gnu/libnss_nis-2.27.so
7ff43d5d4000-7ff43d5d5000 r--p 0000a000 08:01 399947                     /lib/x86_64-linux-gnu/libnss_nis-2.27.so
7ff43d5d5000-7ff43d5d6000 rw-p 0000b000 08:01 399947                     /lib/x86_64-linux-gnu/libnss_nis-2.27.so
7ff43d5d6000-7ff43d5de000 r-xp 00000000 08:01 399932                     /lib/x86_64-linux-gnu/libnss_compat-2.27.so
7ff43d5de000-7ff43d7de000 ---p 00008000 08:01 399932                     /lib/x86_64-linux-gnu/libnss_compat-2.27.so
7ff43d7de000-7ff43d7df000 r--p 00008000 08:01 399932                     /lib/x86_64-linux-gnu/libnss_compat-2.27.so
7ff43d7df000-7ff43d7e0000 rw-p 00009000 08:01 399932                     /lib/x86_64-linux-gnu/libnss_compat-2.27.so
7ff43d7e0000-7ff43d80c000 r-xp 00000000 08:01 398318                     /usr/lib/jvm/java-8-oracle/jre/lib/amd64/libjava.so
7ff43d80c000-7ff43da0c000 ---p 0002c000 08:01 398318                     /usr/lib/jvm/java-8-oracle/jre/lib/amd64/libjava.so
7ff43da0c000-7ff43da0d000 r--p 0002c000 08:01 398318                     /usr/lib/jvm/java-8-oracle/jre/lib/amd64/libjava.so
7ff43da0d000-7ff43da0f000 rw-p 0002d000 08:01 398318                     /usr/lib/jvm/java-8-oracle/jre/lib/amd64/libjava.so
7ff43da0f000-7ff43da1c000 r-xp 00000000 08:01 398323                     /usr/lib/jvm/java-8-oracle/jre/lib/amd64/libverify.so
7ff43da1c000-7ff43dc1b000 ---p 0000d000 08:01 398323                     /usr/lib/jvm/java-8-oracle/jre/lib/amd64/libverify.so
7ff43dc1b000-7ff43dc1d000 r--p 0000c000 08:01 398323                     /usr/lib/jvm/java-8-oracle/jre/lib/amd64/libverify.so
7ff43dc1d000-7ff43dc1e000 rw-p 0000e000 08:01 398323                     /usr/lib/jvm/java-8-oracle/jre/lib/amd64/libverify.so
7ff43dc1e000-7ff43dc25000 r-xp 00000000 08:01 399987                     /lib/x86_64-linux-gnu/librt-2.27.so
7ff43dc25000-7ff43de24000 ---p 00007000 08:01 399987                     /lib/x86_64-linux-gnu/librt-2.27.so
7ff43de24000-7ff43de25000 r--p 00006000 08:01 399987                     /lib/x86_64-linux-gnu/librt-2.27.so
7ff43de25000-7ff43de26000 rw-p 00007000 08:01 399987                     /lib/x86_64-linux-gnu/librt-2.27.so
7ff43de26000-7ff43dfc3000 r-xp 00000000 08:01 399909                     /lib/x86_64-linux-gnu/libm-2.27.so
7ff43dfc3000-7ff43e1c2000 ---p 0019d000 08:01 399909                     /lib/x86_64-linux-gnu/libm-2.27.so
7ff43e1c2000-7ff43e1c3000 r--p 0019c000 08:01 399909                     /lib/x86_64-linux-gnu/libm-2.27.so
7ff43e1c3000-7ff43e1c4000 rw-p 0019d000 08:01 399909                     /lib/x86_64-linux-gnu/libm-2.27.so
7ff43e1c4000-7ff43eeac000 r-xp 00000000 08:01 398300                     /usr/lib/jvm/java-8-oracle/jre/lib/amd64/server/libjvm.so
7ff43eeac000-7ff43f0ab000 ---p 00ce8000 08:01 398300                     /usr/lib/jvm/java-8-oracle/jre/lib/amd64/server/libjvm.so
7ff43f0ab000-7ff43f141000 r--p 00ce7000 08:01 398300                     /usr/lib/jvm/java-8-oracle/jre/lib/amd64/server/libjvm.so
7ff43f141000-7ff43f172000 rw-p 00d7d000 08:01 398300                     /usr/lib/jvm/java-8-oracle/jre/lib/amd64/server/libjvm.so
7ff43f172000-7ff43f1ad000 rw-p 00000000 00:00 0 
7ff43f1ad000-7ff43f394000 r-xp 00000000 08:01 399846                     /lib/x86_64-linux-gnu/libc-2.27.so
7ff43f394000-7ff43f594000 ---p 001e7000 08:01 399846                     /lib/x86_64-linux-gnu/libc-2.27.so
7ff43f594000-7ff43f598000 r--p 001e7000 08:01 399846                     /lib/x86_64-linux-gnu/libc-2.27.so
7ff43f598000-7ff43f59a000 rw-p 001eb000 08:01 399846                     /lib/x86_64-linux-gnu/libc-2.27.so
7ff43f59a000-7ff43f59e000 rw-p 00000000 00:00 0 
7ff43f59e000-7ff43f5a1000 r-xp 00000000 08:01 399869                     /lib/x86_64-linux-gnu/libdl-2.27.so
7ff43f5a1000-7ff43f7a0000 ---p 00003000 08:01 399869                     /lib/x86_64-linux-gnu/libdl-2.27.so
7ff43f7a0000-7ff43f7a1000 r--p 00002000 08:01 399869                     /lib/x86_64-linux-gnu/libdl-2.27.so
7ff43f7a1000-7ff43f7a2000 rw-p 00003000 08:01 399869                     /lib/x86_64-linux-gnu/libdl-2.27.so
7ff43f7a2000-7ff43f7b9000 r-xp 00000000 08:01 398003                     /usr/lib/jvm/java-8-oracle/lib/amd64/jli/libjli.so
7ff43f7b9000-7ff43f9b8000 ---p 00017000 08:01 398003                     /usr/lib/jvm/java-8-oracle/lib/amd64/jli/libjli.so
7ff43f9b8000-7ff43f9b9000 r--p 00016000 08:01 398003                     /usr/lib/jvm/java-8-oracle/lib/amd64/jli/libjli.so
7ff43f9b9000-7ff43f9ba000 rw-p 00017000 08:01 398003                     /usr/lib/jvm/java-8-oracle/lib/amd64/jli/libjli.so
7ff43f9ba000-7ff43f9d4000 r-xp 00000000 08:01 399979                     /lib/x86_64-linux-gnu/libpthread-2.27.so
7ff43f9d4000-7ff43fbd3000 ---p 0001a000 08:01 399979                     /lib/x86_64-linux-gnu/libpthread-2.27.so
7ff43fbd3000-7ff43fbd4000 r--p 00019000 08:01 399979                     /lib/x86_64-linux-gnu/libpthread-2.27.so
7ff43fbd4000-7ff43fbd5000 rw-p 0001a000 08:01 399979                     /lib/x86_64-linux-gnu/libpthread-2.27.so
7ff43fbd5000-7ff43fbd9000 rw-p 00000000 00:00 0 
7ff43fbd9000-7ff43fc00000 r-xp 00000000 08:01 399818                     /lib/x86_64-linux-gnu/ld-2.27.so
7ff43fc05000-7ff43fc08000 r--s 0001a000 08:01 398346                     /usr/lib/jvm/java-8-oracle/jre/lib/jce.jar
7ff43fc08000-7ff43fc0c000 r--s 000a1000 08:01 398200                     /usr/lib/jvm/java-8-oracle/jre/lib/jsse.jar
7ff43fc0c000-7ff43fce5000 rw-p 00000000 00:00 0 
7ff43fce5000-7ff43fce6000 ---p 00000000 00:00 0 
7ff43fce6000-7ff43fce9000 ---p 00000000 00:00 0 
7ff43fce9000-7ff43fdea000 rw-p 00000000 00:00 0 
7ff43fdea000-7ff43fdec000 r--s 00009000 08:01 408624                     /home/matthew/.m2/repository/org/apache/commons/commons-csv/1.6/commons-csv-1.6.jar
7ff43fdec000-7ff43fdee000 r--s 0000f000 08:01 538803                     /home/matthew/Downloads/eclipse/plugins/org.hamcrest.core_1.3.0.v20180420-1519.jar
7ff43fdee000-7ff43fdf6000 r--s 00045000 08:01 538814                     /home/matthew/Downloads/eclipse/plugins/org.junit_4.12.0.v201504281640/junit.jar
7ff43fdf6000-7ff43fdfe000 rw-s 00000000 08:01 140295                     /tmp/hsperfdata_matthew/6873
7ff43fdfe000-7ff43fdff000 rw-p 00000000 00:00 0 
7ff43fdff000-7ff43fe00000 ---p 00000000 00:00 0 
7ff43fe00000-7ff43fe01000 r--p 00027000 08:01 399818                     /lib/x86_64-linux-gnu/ld-2.27.so
7ff43fe01000-7ff43fe02000 rw-p 00028000 08:01 399818                     /lib/x86_64-linux-gnu/ld-2.27.so
7ff43fe02000-7ff43fe03000 rw-p 00000000 00:00 0 
7ffdc81c3000-7ffdc81e4000 rw-p 00000000 00:00 0                          [stack]
7ffdc81f9000-7ffdc81fc000 r--p 00000000 00:00 0                          [vvar]
7ffdc81fc000-7ffdc81fe000 r-xp 00000000 00:00 0                          [vdso]
ffffffffff600000-ffffffffff601000 r-xp 00000000 00:00 0                  [vsyscall]

VM Arguments:
jvm_args: -ea -Dfile.encoding=UTF-8 
java_command: org.eclipse.jdt.internal.junit.runner.RemoteTestRunner -version 3 -port 44967 -testLoaderClass org.eclipse.jdt.internal.junit4.runner.JUnit4TestLoader -loaderpluginname org.eclipse.jdt.junit4.runtime -classNames File_IO.CSV_OutTest
java_class_path (initial): /home/matthew/eclipse-workspace/Data-Analyzer/target/test-classes:/home/matthew/eclipse-workspace/Data-Analyzer/target/classes:/home/matthew/Downloads/eclipse/plugins/org.junit_4.12.0.v201504281640/junit.jar:/home/matthew/Downloads/eclipse/plugins/org.hamcrest.core_1.3.0.v20180420-1519.jar:/home/matthew/.m2/repository/org/apache/commons/commons-csv/1.6/commons-csv-1.6.jar:/home/matthew/Downloads/eclipse/configuration/org.eclipse.osgi/402/0/.cp:/home/matthew/Downloads/eclipse/configuration/org.eclipse.osgi/401/0/.cp
Launcher Type: SUN_STANDARD

Environment Variables:
JAVA_HOME=/usr/lib/jvm/java-8-oracle
PATH=/home/matthew/.local/bin:/usr/local/sbin:/usr/local/bin:/usr/sbin:/usr/bin:/sbin:/bin:/usr/games:/usr/local/games:/snap/bin:/usr/lib/jvm/java-8-oracle/bin:/usr/lib/jvm/java-8-oracle/db/bin:/usr/lib/jvm/java-8-oracle/jre/bin
USERNAME=matthew
SHELL=/bin/bash
DISPLAY=:0

Signal Handlers:
SIGSEGV: [libjvm.so+0xad3e60], sa_mask[0]=11111111011111111101111111111110, sa_flags=SA_RESTART|SA_SIGINFO
SIGBUS: [libjvm.so+0xad3e60], sa_mask[0]=11111111011111111101111111111110, sa_flags=SA_RESTART|SA_SIGINFO
SIGFPE: [libjvm.so+0x90b880], sa_mask[0]=11111111011111111101111111111110, sa_flags=SA_RESTART|SA_SIGINFO
SIGPIPE: [libjvm.so+0x90b880], sa_mask[0]=11111111011111111101111111111110, sa_flags=SA_RESTART|SA_SIGINFO
SIGXFSZ: [libjvm.so+0x90b880], sa_mask[0]=11111111011111111101111111111110, sa_flags=SA_RESTART|SA_SIGINFO
SIGILL: [libjvm.so+0x90b880], sa_mask[0]=11111111011111111101111111111110, sa_flags=SA_RESTART|SA_SIGINFO
SIGUSR1: SIG_DFL, sa_mask[0]=00000000000000000000000000000000, sa_flags=none
SIGUSR2: [libjvm.so+0x90b750], sa_mask[0]=00100000000000000000000000000000, sa_flags=SA_RESTART|SA_SIGINFO
SIGHUP: [libjvm.so+0x90bd70], sa_mask[0]=11111111011111111101111111111110, sa_flags=SA_RESTART|SA_SIGINFO
SIGINT: [libjvm.so+0x90bd70], sa_mask[0]=11111111011111111101111111111110, sa_flags=SA_RESTART|SA_SIGINFO
SIGTERM: [libjvm.so+0x90bd70], sa_mask[0]=11111111011111111101111111111110, sa_flags=SA_RESTART|SA_SIGINFO
SIGQUIT: [libjvm.so+0x90bd70], sa_mask[0]=11111111011111111101111111111110, sa_flags=SA_RESTART|SA_SIGINFO


---------------  S Y S T E M  ---------------

OS:DISTRIB_ID=Ubuntu
DISTRIB_RELEASE=18.04
DISTRIB_CODENAME=bionic
DISTRIB_DESCRIPTION="Ubuntu 18.04.2 LTS"

uname:Linux 4.15.0-45-generic #48-Ubuntu SMP Tue Jan 29 16:28:13 UTC 2019 x86_64
libc:glibc 2.27 NPTL 2.27 
rlimit: STACK 8192k, CORE 0k, NPROC 15541, NOFILE 4096, AS infinity
load average:1.79 1.35 1.21

/proc/meminfo:
MemTotal:        4039168 kB
MemFree:           85980 kB
MemAvailable:      14224 kB
Buffers:            1780 kB
Cached:          1282312 kB
SwapCached:         6756 kB
Active:          3079932 kB
Inactive:         642684 kB
Active(anon):    3052380 kB
Inactive(anon):   612252 kB
Active(file):      27552 kB
Inactive(file):    30432 kB
Unevictable:          48 kB
Mlocked:              48 kB
SwapTotal:        728520 kB
SwapFree:           4484 kB
Dirty:               244 kB
Writeback:           952 kB
AnonPages:       2432264 kB
Mapped:          1272684 kB
Shmem:           1226040 kB
Slab:              86104 kB
SReclaimable:      35752 kB
SUnreclaim:        50352 kB
KernelStack:       14192 kB
PageTables:        56864 kB
NFS_Unstable:          0 kB
Bounce:                0 kB
WritebackTmp:          0 kB
CommitLimit:     2748104 kB
Committed_AS:    9381192 kB
VmallocTotal:   34359738367 kB
VmallocUsed:           0 kB
VmallocChunk:          0 kB
HardwareCorrupted:     0 kB
AnonHugePages:         0 kB
ShmemHugePages:        0 kB
ShmemPmdMapped:        0 kB
CmaTotal:              0 kB
CmaFree:               0 kB
HugePages_Total:       0
HugePages_Free:        0
HugePages_Rsvd:        0
HugePages_Surp:        0
Hugepagesize:       2048 kB
DirectMap4k:      188352 kB
DirectMap2M:     4005888 kB

container (cgroup) information:
container_type: cgroupv1
cpu_cpuset_cpus: 0-3
cpu_memory_nodes: 0
active_processor_count: 4
cpu_quota: -1
cpu_period: 100000
cpu_shares: -1
memory_limit_in_bytes: -1
memory_and_swap_limit_in_bytes: -2
memory_soft_limit_in_bytes: -1
memory_usage_in_bytes: 3811631104
memory_max_usage_in_bytes: 0


CPU:total 4 (initial active 4) (4 cores per cpu, 1 threads per core) family 6 model 142 stepping 10, cmov, cx8, fxsr, mmx, sse, sse2, sse3, ssse3, sse4.1, sse4.2, popcnt, avx, avx2, aes, clmul, 3dnowpref, lzcnt, tsc, tscinvbit

/proc/cpuinfo:
processor	: 0
vendor_id	: GenuineIntel
cpu family	: 6
model		: 142
model name	: Intel(R) Core(TM) i7-8550U CPU @ 1.80GHz
stepping	: 10
cpu MHz		: 1992.000
cache size	: 8192 KB
physical id	: 0
siblings	: 4
core id		: 0
cpu cores	: 4
apicid		: 0
initial apicid	: 0
fpu		: yes
fpu_exception	: yes
cpuid level	: 22
wp		: yes
flags		: fpu vme de pse tsc msr pae mce cx8 apic sep mtrr pge mca cmov pat pse36 clflush mmx fxsr sse sse2 ht syscall nx rdtscp lm constant_tsc rep_good nopl xtopology nonstop_tsc cpuid pni pclmulqdq ssse3 cx16 pcid sse4_1 sse4_2 x2apic movbe popcnt aes xsave avx rdrand hypervisor lahf_lm abm 3dnowprefetch invpcid_single pti fsgsbase avx2 invpcid rdseed clflushopt
bugs		: cpu_meltdown spectre_v1 spectre_v2 spec_store_bypass l1tf
bogomips	: 3984.00
clflush size	: 64
cache_alignment	: 64
address sizes	: 39 bits physical, 48 bits virtual
power management:

processor	: 1
vendor_id	: GenuineIntel
cpu family	: 6
model		: 142
model name	: Intel(R) Core(TM) i7-8550U CPU @ 1.80GHz
stepping	: 10
cpu MHz		: 1992.000
cache size	: 8192 KB
physical id	: 0
siblings	: 4
core id		: 1
cpu cores	: 4
apicid		: 1
initial apicid	: 1
fpu		: yes
fpu_exception	: yes
cpuid level	: 22
wp		: yes
flags		: fpu vme de pse tsc msr pae mce cx8 apic sep mtrr pge mca cmov pat pse36 clflush mmx fxsr sse sse2 ht syscall nx rdtscp lm constant_tsc rep_good nopl xtopology nonstop_tsc cpuid pni pclmulqdq ssse3 cx16 pcid sse4_1 sse4_2 x2apic movbe popcnt aes xsave avx rdrand hypervisor lahf_lm abm 3dnowprefetch invpcid_single pti fsgsbase avx2 invpcid rdseed clflushopt
bugs		: cpu_meltdown spectre_v1 spectre_v2 spec_store_bypass l1tf
bogomips	: 3984.00
clflush size	: 64
cache_alignment	: 64
address sizes	: 39 bits physical, 48 bits virtual
power management:

processor	: 2
vendor_id	: GenuineIntel
cpu family	: 6
model		: 142
model name	: Intel(R) Core(TM) i7-8550U CPU @ 1.80GHz
stepping	: 10
cpu MHz		: 1992.000
cache size	: 8192 KB
physical id	: 0
siblings	: 4
core id		: 2
cpu cores	: 4
apicid		: 2
initial apicid	: 2
fpu		: yes
fpu_exception	: yes
cpuid level	: 22
wp		: yes
flags		: fpu vme de pse tsc msr pae mce cx8 apic sep mtrr pge mca cmov pat pse36 clflush mmx fxsr sse sse2 ht syscall nx rdtscp lm constant_tsc rep_good nopl xtopology nonstop_tsc cpuid pni pclmulqdq ssse3 cx16 pcid sse4_1 sse4_2 x2apic movbe popcnt aes xsave avx rdrand hypervisor lahf_lm abm 3dnowprefetch invpcid_single pti fsgsbase avx2 invpcid rdseed clflushopt
bugs		: cpu_meltdown spectre_v1 spectre_v2 spec_store_bypass l1tf
bogomips	: 3984.00
clflush size	: 64
cache_alignment	: 64
address sizes	: 39 bits physical, 48 bits virtual
power management:

processor	: 3
vendor_id	: GenuineIntel
cpu family	: 6
model		: 142
model name	: Intel(R) Core(TM) i7-8550U CPU @ 1.80GHz
stepping	: 10
cpu MHz		: 1992.000
cache size	: 8192 KB
physical id	: 0
siblings	: 4
core id		: 3
cpu cores	: 4
apicid		: 3
initial apicid	: 3
fpu		: yes
fpu_exception	: yes
cpuid level	: 22
wp		: yes
flags		: fpu vme de pse tsc msr pae mce cx8 apic sep mtrr pge mca cmov pat pse36 clflush mmx fxsr sse sse2 ht syscall nx rdtscp lm constant_tsc rep_good nopl xtopology nonstop_tsc cpuid pni pclmulqdq ssse3 cx16 pcid sse4_1 sse4_2 x2apic movbe popcnt aes xsave avx rdrand hypervisor lahf_lm abm 3dnowprefetch invpcid_single pti fsgsbase avx2 invpcid rdseed clflushopt
bugs		: cpu_meltdown spectre_v1 spectre_v2 spec_store_bypass l1tf
bogomips	: 3984.00
clflush size	: 64
cache_alignment	: 64
address sizes	: 39 bits physical, 48 bits virtual
power management:



Memory: 4k page, physical 4039168k(85980k free), swap 728520k(4492k free)

vm_info: Java HotSpot(TM) 64-Bit Server VM (25.201-b09) for linux-amd64 JRE (1.8.0_201-b09), built on Dec 15 2018 11:35:59 by "java_re" with gcc 7.3.0

time: Fri Apr 12 16:36:50 2019
timezone: CDT
elapsed time: 5 seconds (0d 0h 0m 5s)

